<?xml version="1.0" encoding="UTF-8"?>
<testng-results ignored="0" total="6" passed="6" failed="0" skipped="0">
  <reporter-output>
  </reporter-output>
  <suite started-at="2024-02-19T14:46:30 IST" name="Default suite" finished-at="2024-02-19T14:46:42 IST" duration-ms="12410">
    <groups>
      <group name="cucumber">
        <method signature="AbstractTestNGCucumberTests.runScenario(io.cucumber.testng.PickleWrapper,io.cucumber.testng.FeatureWrapper)[pri:0, instance:runners.MyTestRunner@15bb5034]" name="runScenario" class="io.cucumber.testng.AbstractTestNGCucumberTests"/>
      </group> <!-- cucumber -->
    </groups>
    <test started-at="2024-02-19T14:46:30 IST" name="Default test" finished-at="2024-02-19T14:46:42 IST" duration-ms="12410">
      <class name="runners.MyTestRunner">
        <test-method is-config="true" signature="setUpClass(org.testng.ITestContext)[pri:0, instance:runners.MyTestRunner@15bb5034]" started-at="2024-02-19T14:46:30 IST" name="setUpClass" finished-at="2024-02-19T14:46:31 IST" duration-ms="704" status="PASS">
          <params>
            <param index="0">
              <value>
                <![CDATA[org.testng.TestRunner@9efcd90]]>
              </value>
            </param>
          </params>
          <reporter-output>
          </reporter-output>
        </test-method> <!-- setUpClass -->
        <test-method signature="runScenario(io.cucumber.testng.PickleWrapper,io.cucumber.testng.FeatureWrapper)[pri:0, instance:runners.MyTestRunner@15bb5034]" started-at="2024-02-19T14:46:31 IST" name="runScenario" description="Runs Cucumber Scenarios" data-provider="scenarios" finished-at="2024-02-19T14:46:37 IST" duration-ms="6285" status="PASS">
          <params>
            <param index="0">
              <value>
                <![CDATA["Invalid Login into app"]]>
              </value>
            </param>
            <param index="1">
              <value>
                <![CDATA["Article Page Function"]]>
              </value>
            </param>
          </params>
          <reporter-output>
          </reporter-output>
        </test-method> <!-- runScenario -->
        <test-method signature="runScenario(io.cucumber.testng.PickleWrapper,io.cucumber.testng.FeatureWrapper)[pri:0, instance:runners.MyTestRunner@15bb5034]" started-at="2024-02-19T14:46:37 IST" name="runScenario" description="Runs Cucumber Scenarios" data-provider="scenarios" finished-at="2024-02-19T14:46:38 IST" duration-ms="725" status="PASS">
          <params>
            <param index="0">
              <value>
                <![CDATA["Valid Login into app"]]>
              </value>
            </param>
            <param index="1">
              <value>
                <![CDATA["Article Page Function"]]>
              </value>
            </param>
          </params>
          <reporter-output>
          </reporter-output>
        </test-method> <!-- runScenario -->
        <test-method signature="runScenario(io.cucumber.testng.PickleWrapper,io.cucumber.testng.FeatureWrapper)[pri:0, instance:runners.MyTestRunner@15bb5034]" started-at="2024-02-19T14:46:38 IST" name="runScenario" description="Runs Cucumber Scenarios" data-provider="scenarios" finished-at="2024-02-19T14:46:39 IST" duration-ms="883" status="PASS">
          <params>
            <param index="0">
              <value>
                <![CDATA["User Create the Article with duplicate Title"]]>
              </value>
            </param>
            <param index="1">
              <value>
                <![CDATA["Article Page Function"]]>
              </value>
            </param>
          </params>
          <reporter-output>
          </reporter-output>
        </test-method> <!-- runScenario -->
        <test-method signature="runScenario(io.cucumber.testng.PickleWrapper,io.cucumber.testng.FeatureWrapper)[pri:0, instance:runners.MyTestRunner@15bb5034]" started-at="2024-02-19T14:46:39 IST" name="runScenario" description="Runs Cucumber Scenarios" data-provider="scenarios" finished-at="2024-02-19T14:46:40 IST" duration-ms="1136" status="PASS">
          <params>
            <param index="0">
              <value>
                <![CDATA["User Create the new Article"]]>
              </value>
            </param>
            <param index="1">
              <value>
                <![CDATA["Article Page Function"]]>
              </value>
            </param>
          </params>
          <reporter-output>
          </reporter-output>
        </test-method> <!-- runScenario -->
        <test-method signature="runScenario(io.cucumber.testng.PickleWrapper,io.cucumber.testng.FeatureWrapper)[pri:0, instance:runners.MyTestRunner@15bb5034]" started-at="2024-02-19T14:46:40 IST" name="runScenario" description="Runs Cucumber Scenarios" data-provider="scenarios" finished-at="2024-02-19T14:46:41 IST" duration-ms="1473" status="PASS">
          <params>
            <param index="0">
              <value>
                <![CDATA["User update the Article"]]>
              </value>
            </param>
            <param index="1">
              <value>
                <![CDATA["Article Page Function"]]>
              </value>
            </param>
          </params>
          <reporter-output>
          </reporter-output>
        </test-method> <!-- runScenario -->
        <test-method signature="runScenario(io.cucumber.testng.PickleWrapper,io.cucumber.testng.FeatureWrapper)[pri:0, instance:runners.MyTestRunner@15bb5034]" started-at="2024-02-19T14:46:41 IST" name="runScenario" description="Runs Cucumber Scenarios" data-provider="scenarios" finished-at="2024-02-19T14:46:42 IST" duration-ms="1120" status="PASS">
          <params>
            <param index="0">
              <value>
                <![CDATA["User delete the Article"]]>
              </value>
            </param>
            <param index="1">
              <value>
                <![CDATA["Article Page Function"]]>
              </value>
            </param>
          </params>
          <reporter-output>
          </reporter-output>
        </test-method> <!-- runScenario -->
        <test-method is-config="true" signature="tearDownClass()[pri:0, instance:runners.MyTestRunner@15bb5034]" started-at="2024-02-19T14:46:42 IST" name="tearDownClass" finished-at="2024-02-19T14:46:42 IST" duration-ms="43" status="PASS">
          <reporter-output>
          </reporter-output>
        </test-method> <!-- tearDownClass -->
      </class> <!-- runners.MyTestRunner -->
    </test> <!-- Default test -->
  </suite> <!-- Default suite -->
</testng-results>
